app/build/outputs/logs/manifest-merger-debug-report.txt
-- Merging decision tree log ---
manifest
ADDED from src\main\AndroidManifest.xml:2:1-132:12
	package
		ADDED from src\main\AndroidManifest.xml:3:5-35
		INJECTED from src\main\AndroidManifest.xml
		INJECTED from src\main\AndroidManifest.xml
	android:versionName
		ADDED from src\main\AndroidManifest.xml:5:5-30
		INJECTED from src\main\AndroidManifest.xml
		INJECTED from src\main\AndroidManifest.xml
	android:versionCode
		ADDED from src\main\AndroidManifest.xml:4:5-29
		INJECTED from src\main\AndroidManifest.xml
		INJECTED from src\main\AndroidManifest.xml
	xmlns:android
		ADDED from src\main\AndroidManifest.xml:2:11-69
uses-sdk
ADDED from src\main\AndroidManifest.xml:7:5-43
MERGED from [AppCompare-master:GraphView-master:unspecified] AndroidManifest.xml:7:5-9:41
MERGED from [com.android.support:support-v4:22.2.0] AndroidManifest.xml:20:5-43
MERGED from [com.google.android.gms:play-services-appindexing:8.1.0] AndroidManifest.xml:18:5-42
MERGED from [com.google.android.gms:play-services-basement:8.1.0] AndroidManifest.xml:18:5-42
MERGED from [com.android.support:support-v4:22.2.0] AndroidManifest.xml:20:5-43
	android:targetSdkVersion
		INJECTED from src\main\AndroidManifest.xml
		INJECTED from src\main\AndroidManifest.xml
	android:minSdkVersion
		ADDED from src\main\AndroidManifest.xml:7:15-40
		INJECTED from src\main\AndroidManifest.xml
		INJECTED from src\main\AndroidManifest.xml
uses-permission#android.permission.INTERNET
ADDED from src\main\AndroidManifest.xml:9:5-67
	android:name
		ADDED from src\main\AndroidManifest.xml:9:22-64
uses-permission#android.permission.ACCESS_FINE_LOCATION
ADDED from src\main\AndroidManifest.xml:10:5-79
	android:name
		ADDED from src\main\AndroidManifest.xml:10:22-76
uses-permission#android.permission.ACCESS_WIFI_STATE
ADDED from src\main\AndroidManifest.xml:11:5-76
	android:name
		ADDED from src\main\AndroidManifest.xml:11:22-73
uses-permission#android.permission.READ_PHONE_STATE
ADDED from src\main\AndroidManifest.xml:12:5-75
	android:name
		ADDED from src\main\AndroidManifest.xml:12:22-72
uses-permission#android.permission.ACCESS_NETWORK_STATE
ADDED from src\main\AndroidManifest.xml:13:5-79
	android:name
		ADDED from src\main\AndroidManifest.xml:13:22-76
uses-permission#android.permission.RECEIVE_BOOT_COMPLETED
ADDED from src\main\AndroidManifest.xml:14:5-81
	android:name
		ADDED from src\main\AndroidManifest.xml:14:22-78
uses-permission#android.permission.WRITE_EXTERNAL_STORAGE
ADDED from src\main\AndroidManifest.xml:15:5-81
	android:name
		ADDED from src\main\AndroidManifest.xml:15:22-78
application
ADDED from src\main\AndroidManifest.xml:19:5-130:19
MERGED from [AppCompare-master:GraphView-master:unspecified] AndroidManifest.xml:11:5-12:19
MERGED from [com.android.support:support-v4:22.2.0] AndroidManifest.xml:22:5-20
MERGED from [com.google.android.gms:play-services-appindexing:8.1.0] AndroidManifest.xml:19:5-20
MERGED from [com.google.android.gms:play-services-basement:8.1.0] AndroidManifest.xml:20:5-24:19
MERGED from [com.android.support:support-v4:22.2.0] AndroidManifest.xml:22:5-20
	android:label
		ADDED from src\main\AndroidManifest.xml:21:9-41
	android:icon
		ADDED from src\main\AndroidManifest.xml:20:9-38
activity#edu.umich.PowerTutor.ui.UMLogger
ADDED from src\main\AndroidManifest.xml:22:9-31:20
	android:screenOrientation
		ADDED from src\main\AndroidManifest.xml:25:13-49
	android:label
		ADDED from src\main\AndroidManifest.xml:24:13-45
	android:name
		ADDED from src\main\AndroidManifest.xml:23:13-40
intent-filter#android.intent.action.MAIN+android.intent.category.LAUNCHER
ADDED from src\main\AndroidManifest.xml:26:13-30:29
action#android.intent.action.MAIN
ADDED from src\main\AndroidManifest.xml:27:17-69
	android:name
		ADDED from src\main\AndroidManifest.xml:27:25-66
category#android.intent.category.LAUNCHER
ADDED from src\main\AndroidManifest.xml:29:17-77
	android:name
		ADDED from src\main\AndroidManifest.xml:29:27-74
activity#edu.umich.PowerTutor.ui.Help
ADDED from src\main\AndroidManifest.xml:32:9-36:20
	android:name
		ADDED from src\main\AndroidManifest.xml:32:19-42
intent-filter#android.intent.action.MAIN
ADDED from src\main\AndroidManifest.xml:33:13-35:29
activity#edu.umich.PowerTutor.ui.PowerViewer
ADDED from src\main\AndroidManifest.xml:37:9-41:20
	android:name
		ADDED from src\main\AndroidManifest.xml:37:19-49
activity#edu.umich.PowerTutor.ui.PowerTop
ADDED from src\main\AndroidManifest.xml:42:9-48:20
	android:label
		ADDED from src\main\AndroidManifest.xml:44:13-38
	android:name
		ADDED from src\main\AndroidManifest.xml:43:13-40
activity#edu.umich.PowerTutor.ui.PowerPie
ADDED from src\main\AndroidManifest.xml:49:9-53:20
	android:name
		ADDED from src\main\AndroidManifest.xml:49:19-46
activity#edu.umich.PowerTutor.ui.MiscView
ADDED from src\main\AndroidManifest.xml:54:9-58:20
	android:name
		ADDED from src\main\AndroidManifest.xml:54:19-46
activity#edu.umich.PowerTutor.ui.PowerTabs
ADDED from src\main\AndroidManifest.xml:59:9-65:20
	android:theme
		ADDED from src\main\AndroidManifest.xml:61:13-60
	android:name
		ADDED from src\main\AndroidManifest.xml:60:13-41
activity#edu.umich.PowerTutor.ui.EditPreferences
ADDED from src\main\AndroidManifest.xml:66:9-72:20
	android:label
		ADDED from src\main\AndroidManifest.xml:68:13-47
	android:name
		ADDED from src\main\AndroidManifest.xml:67:13-47
activity#edu.umich.PowerTutor.ui.ViewerPreferences
ADDED from src\main\AndroidManifest.xml:73:9-79:20
	android:label
		ADDED from src\main\AndroidManifest.xml:75:13-55
	android:name
		ADDED from src\main\AndroidManifest.xml:74:13-49
activity#edu.umich.PowerTutor.widget.Configure
ADDED from src\main\AndroidManifest.xml:80:9-86:20
	android:label
		ADDED from src\main\AndroidManifest.xml:82:13-56
	android:name
		ADDED from src\main\AndroidManifest.xml:81:13-45
intent-filter#android.appwidget.action.APPWIDGET_CONFIGURE
ADDED from src\main\AndroidManifest.xml:83:13-85:29
action#android.appwidget.action.APPWIDGET_CONFIGURE
ADDED from src\main\AndroidManifest.xml:84:17-87
	android:name
		ADDED from src\main\AndroidManifest.xml:84:25-84
activity#edu.umich.PowerTutor.widget.DataSourceConfigure
ADDED from src\main\AndroidManifest.xml:87:9-93:20
	android:label
		ADDED from src\main\AndroidManifest.xml:89:13-50
	android:name
		ADDED from src\main\AndroidManifest.xml:88:13-55
receiver#edu.umich.PowerTutor.ui.StartupReceiver
ADDED from src\main\AndroidManifest.xml:95:9-101:20
	android:name
		ADDED from src\main\AndroidManifest.xml:95:19-53
intent-filter#android.intent.action.BOOT_COMPLETED+android.intent.category.HOME
ADDED from src\main\AndroidManifest.xml:96:13-100:29
action#android.intent.action.BOOT_COMPLETED
ADDED from src\main\AndroidManifest.xml:97:17-79
	android:name
		ADDED from src\main\AndroidManifest.xml:97:25-76
category#android.intent.category.HOME
ADDED from src\main\AndroidManifest.xml:99:17-73
	android:name
		ADDED from src\main\AndroidManifest.xml:99:27-70
service#edu.umich.PowerTutor.service.UMLoggerService
ADDED from src\main\AndroidManifest.xml:103:9-60
	android:name
		ADDED from src\main\AndroidManifest.xml:103:18-57
receiver#edu.umich.PowerTutor.widget.PowerWidget
ADDED from src\main\AndroidManifest.xml:105:9-113:20
	android:name
		ADDED from src\main\AndroidManifest.xml:105:19-53
intent-filter#android.appwidget.action.APPWIDGET_UPDATE
ADDED from src\main\AndroidManifest.xml:106:13-108:29
action#android.appwidget.action.APPWIDGET_UPDATE
ADDED from src\main\AndroidManifest.xml:107:17-84
	android:name
		ADDED from src\main\AndroidManifest.xml:107:25-81
meta-data#android.appwidget.provider
ADDED from src\main\AndroidManifest.xml:110:13-112:55
	android:resource
		ADDED from src\main\AndroidManifest.xml:112:17-52
	android:name
		ADDED from src\main\AndroidManifest.xml:111:17-58
activity#edu.umich.PowerTutor.ui.escolha_apps
ADDED from src\main\AndroidManifest.xml:115:9-53
	android:name
		ADDED from src\main\AndroidManifest.xml:115:19-50
activity#edu.umich.PowerTutor.ui.Aplicacoes
ADDED from src\main\AndroidManifest.xml:116:9-51
	android:name
		ADDED from src\main\AndroidManifest.xml:116:19-48
activity#edu.umich.PowerTutor.ui.TesteT
ADDED from src\main\AndroidManifest.xml:117:9-47
	android:name
		ADDED from src\main\AndroidManifest.xml:117:19-44
activity#edu.umich.PowerTutor.ui.graficos_resultados
ADDED from src\main\AndroidManifest.xml:118:9-60
	android:name
		ADDED from src\main\AndroidManifest.xml:118:19-57
activity#edu.umich.PowerTutor.ui.preferencias_execucao_teste
ADDED from src\main\AndroidManifest.xml:119:9-68
	android:name
		ADDED from src\main\AndroidManifest.xml:119:19-65
activity#edu.umich.PowerTutor.ui.MainActivity
ADDED from src\main\AndroidManifest.xml:120:9-53
	android:name
		ADDED from src\main\AndroidManifest.xml:120:19-50
meta-data#com.google.android.gms.version
ADDED from src\main\AndroidManifest.xml:125:9-127:69
MERGED from [com.google.android.gms:play-services-basement:8.1.0] AndroidManifest.xml:21:9-23:69
	android:value
		ADDED from src\main\AndroidManifest.xml:127:13-66
	android:name
		ADDED from src\main\AndroidManifest.xml:126:13-58
activity#edu.umich.PowerTutor.ui.resultados_teste_01_app
ADDED from src\main\AndroidManifest.xml:129:9-73
	android:name
		ADDED from src\main\AndroidManifest.xml:129:19-61